<?xml version="1.0" encoding="UTF-8"?>
<!-- Generated by org.testng.reporters.JUnitReportReporter -->
<testsuite skipped="0" hostname="AKLSSINHA" name="com.qa.rest.test.LoginTests" tests="4" failures="0" timestamp="2020-09-07T00:41:34 NZST" time="6.502" errors="0">
  <testcase name="testPost" time="4.423" classname="com.qa.rest.test.LoginTests"/>
  <system-out/>
  <testcase name="testPostInvalidUsername" time="0.689" classname="com.qa.rest.test.LoginTests"/>
  <system-out/>
  <testcase name="testPostInvalidPassword" time="0.710" classname="com.qa.rest.test.LoginTests"/>
  <system-out/>
  <testcase name="testPostnousernameandpassword" time="0.680" classname="com.qa.rest.test.LoginTests"/>
  <system-out/>
</testsuite> <!-- com.qa.rest.test.LoginTests -->
