<?xml version="1.0" encoding="UTF-8"?>
<!-- Generated by org.testng.reporters.JUnitReportReporter -->
<testsuite skipped="0" hostname="AKLSSINHA" name="com.qa.rest.test.PointTests" tests="2" failures="0" timestamp="2020-09-07T00:38:42 NZST" time="5.159" errors="0">
  <testcase name="testSuccessfulPoints" time="4.443" classname="com.qa.rest.test.PointTests"/>
  <system-out/>
  <testcase name="testUnsuccessfulPoints" time="0.716" classname="com.qa.rest.test.PointTests"/>
  <system-out/>
</testsuite> <!-- com.qa.rest.test.PointTests -->
