<?xml version="1.0" encoding="UTF-8"?>
<!-- Generated by org.testng.reporters.JUnitReportReporter -->
<testsuite skipped="0" hostname="AKLSSINHA" name="com.qa.rest.test.PostCall" tests="1" failures="0" timestamp="2020-09-06T21:38:10 NZST" time="4.005" errors="0">
  <testcase name="testPost" time="4.005" classname="com.qa.rest.test.PostCall"/>
  <system-out/>
</testsuite> <!-- com.qa.rest.test.PostCall -->
